Using pre-set license
Built from '2020.3/release' branch; Version is '2020.3.15f2 (6cf78cb77498) revision 7141260'; Using compiler version '192528614'; Build Type 'Release'
OS: 'Windows 10 Home Single Language; OS build 19042.1466; Version 2009; 64bit' Language: 'es' Physical Memory: 10153 MB
BatchMode: 1, IsHumanControllingUs: 0, StartBugReporterOnCrash: 0, Is64bit: 1, IsPro: 0

 COMMAND LINE ARGUMENTS:
C:\Program Files\Unity\Editor\Unity.exe
-adb2
-batchMode
-noUpm
-name
AssetImportWorker0
-projectPath
C:/Users/abogc/OneDrive/Desktop/CH_GameProject/Game_CesarPerez
-logFile
Logs/AssetImportWorker0.log
-srvPort
51117
Successfully changed project path to: C:/Users/abogc/OneDrive/Desktop/CH_GameProject/Game_CesarPerez
C:/Users/abogc/OneDrive/Desktop/CH_GameProject/Game_CesarPerez
Using Asset Import Pipeline V2.
Refreshing native plugins compatible for Editor in 56.86 ms, found 2 plugins.
Preloading 0 native plugins for Editor in 0.00 ms.
Initialize engine version: 2020.3.15f2 (6cf78cb77498)
[Subsystems] Discovering subsystems at path C:/Program Files/Unity/Editor/Data/Resources/UnitySubsystems
[Subsystems] Discovering subsystems at path C:/Users/abogc/OneDrive/Desktop/CH_GameProject/Game_CesarPerez/Assets
GfxDevice: creating device client; threaded=0
Direct3D:
    Version:  Direct3D 11.0 [level 11.1]
    Renderer: AMD Radeon(TM) Vega 6 Graphics (ID=0x15d8)
    Vendor:   
    VRAM:     5076 MB
    Driver:   26.20.14042.2
Initialize mono
Mono path[0] = 'C:/Program Files/Unity/Editor/Data/Managed'
Mono path[1] = 'C:/Program Files/Unity/Editor/Data/MonoBleedingEdge/lib/mono/unityjit'
Mono config path = 'C:/Program Files/Unity/Editor/Data/MonoBleedingEdge/etc'
Using monoOptions --debugger-agent=transport=dt_socket,embedding=1,server=y,suspend=n,address=127.0.0.1:56348
Begin MonoManager ReloadAssembly
Registering precompiled unity dll's ...
Register platform support module: C:/Program Files/Unity/Editor/Data/PlaybackEngines/WindowsStandaloneSupport/UnityEditor.WindowsStandalone.Extensions.dll
Registered in 0.004654 seconds.
Native extension for WindowsStandalone target not found
Refreshing native plugins compatible for Editor in 61.51 ms, found 2 plugins.
Preloading 0 native plugins for Editor in 0.00 ms.
Mono: successfully reloaded assembly
- Completed reload, in  1.804 seconds
Domain Reload Profiling:
	ReloadAssembly (1805ms)
		BeginReloadAssembly (80ms)
			ExecutionOrderSort (0ms)
			DisableScriptedObjects (0ms)
			BackupInstance (0ms)
			ReleaseScriptingObjects (0ms)
			CreateAndSetChildDomain (1ms)
		EndReloadAssembly (665ms)
			LoadAssemblies (75ms)
			RebuildTransferFunctionScriptingTraits (0ms)
			SetupTypeCache (225ms)
			ReleaseScriptCaches (0ms)
			RebuildScriptCaches (45ms)
			SetupLoadedEditorAssemblies (285ms)
				LogAssemblyErrors (0ms)
				InitializePlatformSupportModulesInManaged (6ms)
				SetLoadedEditorAssemblies (0ms)
				RefreshPlugins (62ms)
				BeforeProcessingInitializeOnLoad (24ms)
				ProcessInitializeOnLoadAttributes (131ms)
				ProcessInitializeOnLoadMethodAttributes (62ms)
				AfterProcessingInitializeOnLoad (0ms)
				EditorAssembliesLoaded (0ms)
			ExecutionOrderSort2 (0ms)
			AwakeInstancesAfterBackupRestoration (0ms)
Platform modules already initialized, skipping
Registering precompiled user dll's ...
Registered in 0.007825 seconds.
Begin MonoManager ReloadAssembly
Native extension for WindowsStandalone target not found
Refreshing native plugins compatible for Editor in 0.51 ms, found 2 plugins.
Preloading 0 native plugins for Editor in 0.00 ms.
Mono: successfully reloaded assembly
- Completed reload, in  1.841 seconds
Domain Reload Profiling:
	ReloadAssembly (1843ms)
		BeginReloadAssembly (224ms)
			ExecutionOrderSort (0ms)
			DisableScriptedObjects (7ms)
			BackupInstance (0ms)
			ReleaseScriptingObjects (0ms)
			CreateAndSetChildDomain (25ms)
		EndReloadAssembly (1512ms)
			LoadAssemblies (138ms)
			RebuildTransferFunctionScriptingTraits (0ms)
			SetupTypeCache (432ms)
			ReleaseScriptCaches (1ms)
			RebuildScriptCaches (73ms)
			SetupLoadedEditorAssemblies (747ms)
				LogAssemblyErrors (0ms)
				InitializePlatformSupportModulesInManaged (6ms)
				SetLoadedEditorAssemblies (1ms)
				RefreshPlugins (1ms)
				BeforeProcessingInitializeOnLoad (151ms)
				ProcessInitializeOnLoadAttributes (572ms)
				ProcessInitializeOnLoadMethodAttributes (6ms)
				AfterProcessingInitializeOnLoad (10ms)
				EditorAssembliesLoaded (0ms)
			ExecutionOrderSort2 (0ms)
			AwakeInstancesAfterBackupRestoration (9ms)
Platform modules already initialized, skipping
========================================================================
Worker process is ready to serve import requests
Launched and connected shader compiler UnityShaderCompiler.exe after 0.13 seconds
Refreshing native plugins compatible for Editor in 0.54 ms, found 2 plugins.
Preloading 0 native plugins for Editor in 0.00 ms.
Unloading 1696 Unused Serialized files (Serialized files now loaded: 0)
System memory in use before: 85.5 MB.
System memory in use after: 85.6 MB.

Unloading 20 unused Assets to reduce memory usage. Loaded Objects now: 2143.
Total: 3.610500 ms (FindLiveObjects: 0.263200 ms CreateObjectMapping: 0.065500 ms MarkObjects: 3.117800 ms  DeleteObjects: 0.162600 ms)

AssetImportParameters requested are different than current active one (requested -> active):
  custom:framework-win-MediaFoundation: 216162199b28c13a410421893ffa2e32 -> 
  custom:video-decoder-ogg-theora: a1e56fd34408186e4bbccfd4996cb3dc -> 
  custom:container-muxer-webm: aa71ff27fc2769a1b78a27578f13a17b -> 
  custom:container-demuxer-webm: 4f35f7cbe854078d1ac9338744f61a02 -> 
  custom:container-demuxer-ogg: 62fdf1f143b41e24485cea50d1cbac27 -> 
  custom:video-encoder-webm-vp8: eb34c28f22e8b96e1ab97ce403110664 -> 
  custom:video-decoder-webm-vp8: 9c59270c3fd7afecdb556c50c9e8de78 -> 
  custom:audio-decoder-ogg-vorbis: bf7c407c2cedff20999df2af8eb42d56 -> 
  custom:audio-encoder-webm-vorbis: bf7c407c2cedff20999df2af8eb42d56 -> 
========================================================================
Received Import Request.
  path: Assets/Prefabs/Map/CompleteMap 1.prefab
  artifactKey: Guid(1a907678d927af2438e008b2a2794d0b) Importer(815301076,1909f56bfc062723c751e8b465ee728b)
Start importing Assets/Prefabs/Map/CompleteMap 1.prefab using Guid(1a907678d927af2438e008b2a2794d0b) Importer(815301076,1909f56bfc062723c751e8b465ee728b)  -> (artifact id: '455330168b2d32334bde956baf3ee4aa') in 0.453266 seconds 
  Import took 0.493375 seconds .

========================================================================
Received Import Request.
  Time since last request: 97.391890 seconds.
  path: Assets/Prefabs/Map/Buildings/Bridge/model/textures
  artifactKey: Guid(db5af85df17efa149b897c68548e639a) Importer(815301076,1909f56bfc062723c751e8b465ee728b)
Start importing Assets/Prefabs/Map/Buildings/Bridge/model/textures using Guid(db5af85df17efa149b897c68548e639a) Importer(815301076,1909f56bfc062723c751e8b465ee728b)  -> (artifact id: '09c4a3b1a0bbab58b8d9212d0ded1bef') in 0.030959 seconds 
  Import took 0.035588 seconds .

========================================================================
Received Import Request.
  Time since last request: 0.000338 seconds.
  path: Assets/Prefabs/Map/Buildings/Bridge/model/textures/dol_albedo.jpg
  artifactKey: Guid(539c7b6f79741164f8e3b43ffa22b8c5) Importer(815301076,1909f56bfc062723c751e8b465ee728b)
Start importing Assets/Prefabs/Map/Buildings/Bridge/model/textures/dol_albedo.jpg using Guid(539c7b6f79741164f8e3b43ffa22b8c5) Importer(815301076,1909f56bfc062723c751e8b465ee728b)  -> (artifact id: '8b4da78c4cef73f901d63f09ef03e677') in 0.346051 seconds 
  Import took 0.349760 seconds .

========================================================================
Received Import Request.
  Time since last request: 0.000338 seconds.
  path: Assets/Prefabs/Map/Buildings/Bridge/model/textures/dol_opacity.jpg
  artifactKey: Guid(75e90946c64e2404c8df06a6912ed456) Importer(815301076,1909f56bfc062723c751e8b465ee728b)
Start importing Assets/Prefabs/Map/Buildings/Bridge/model/textures/dol_opacity.jpg using Guid(75e90946c64e2404c8df06a6912ed456) Importer(815301076,1909f56bfc062723c751e8b465ee728b)  -> (artifact id: '1f9394ac2674db3a4387b10757a486a8') in 0.195205 seconds 
  Import took 0.199377 seconds .

========================================================================
Received Import Request.
  Time since last request: 0.000295 seconds.
  path: Assets/Prefabs/Map/Buildings/Bridge/model/textures/rama_metallic.jpg
  artifactKey: Guid(175b56ccd6a073d409a5950492697609) Importer(815301076,1909f56bfc062723c751e8b465ee728b)
Start importing Assets/Prefabs/Map/Buildings/Bridge/model/textures/rama_metallic.jpg using Guid(175b56ccd6a073d409a5950492697609) Importer(815301076,1909f56bfc062723c751e8b465ee728b)  -> (artifact id: 'ca699047cffbccf7c2bd5633148ef0b7') in 0.145075 seconds 
  Import took 0.160754 seconds .

========================================================================
Received Import Request.
  Time since last request: 0.000266 seconds.
  path: Assets/Prefabs/Map/Buildings/Bridge/model/textures/rama_roughness.jpg
  artifactKey: Guid(a6b7f29ab3a29a149bafa68792d38fe6) Importer(815301076,1909f56bfc062723c751e8b465ee728b)
Start importing Assets/Prefabs/Map/Buildings/Bridge/model/textures/rama_roughness.jpg using Guid(a6b7f29ab3a29a149bafa68792d38fe6) Importer(815301076,1909f56bfc062723c751e8b465ee728b)  -> (artifact id: 'db139288788492e3cf71250c0ce41172') in 0.114323 seconds 
  Import took 0.118997 seconds .

========================================================================
Received Import Request.
  Time since last request: 0.000255 seconds.
  path: Assets/Prefabs/Map/Buildings/Bridge/model/textures/dol_normal.jpg
  artifactKey: Guid(75996f79622f58643a0e590e9b3f921a) Importer(815301076,1909f56bfc062723c751e8b465ee728b)
Start importing Assets/Prefabs/Map/Buildings/Bridge/model/textures/dol_normal.jpg using Guid(75996f79622f58643a0e590e9b3f921a) Importer(815301076,1909f56bfc062723c751e8b465ee728b)  -> (artifact id: '178fe511ca6c0fff56316e1cfd783ce5') in 0.123449 seconds 
  Import took 0.128231 seconds .

========================================================================
Received Import Request.
  Time since last request: 0.000250 seconds.
  path: Assets/Prefabs/Map/Buildings/Bridge/model/textures/gora_roughness.jpg
  artifactKey: Guid(135081572edb16448b72f35b9129f8b3) Importer(815301076,1909f56bfc062723c751e8b465ee728b)
Start importing Assets/Prefabs/Map/Buildings/Bridge/model/textures/gora_roughness.jpg using Guid(135081572edb16448b72f35b9129f8b3) Importer(815301076,1909f56bfc062723c751e8b465ee728b)  -> (artifact id: '5985e1fcf55e7e108fcf9eb235334c4b') in 0.177453 seconds 
  Import took 0.181526 seconds .

========================================================================
Received Import Request.
  Time since last request: 0.000247 seconds.
  path: Assets/Prefabs/Map/Buildings/Bridge/model/textures/rama_opacity.jpg
  artifactKey: Guid(71bd84128f8d9cc4e9619e36a3a54f19) Importer(815301076,1909f56bfc062723c751e8b465ee728b)
Start importing Assets/Prefabs/Map/Buildings/Bridge/model/textures/rama_opacity.jpg using Guid(71bd84128f8d9cc4e9619e36a3a54f19) Importer(815301076,1909f56bfc062723c751e8b465ee728b)  -> (artifact id: '18382559365c3095ec916deab6b598df') in 0.200823 seconds 
  Import took 0.204799 seconds .

========================================================================
Received Import Request.
  Time since last request: 0.000475 seconds.
  path: Assets/Prefabs/Map/Buildings/Bridge/model/textures/rama_albedo.jpg
  artifactKey: Guid(23746aca455c18c46a623c0f67b3556c) Importer(815301076,1909f56bfc062723c751e8b465ee728b)
Start importing Assets/Prefabs/Map/Buildings/Bridge/model/textures/rama_albedo.jpg using Guid(23746aca455c18c46a623c0f67b3556c) Importer(815301076,1909f56bfc062723c751e8b465ee728b)  -> (artifact id: 'c30b24542edd3f5689516f93e70b5135') in 0.188734 seconds 
  Import took 0.192860 seconds .

========================================================================
Received Import Request.
  Time since last request: 0.000266 seconds.
  path: Assets/Prefabs/Map/Buildings/Bridge/model/textures/dol_roughness.jpg
  artifactKey: Guid(d28f78ee8e771484cb69bb4839a28f81) Importer(815301076,1909f56bfc062723c751e8b465ee728b)
Start importing Assets/Prefabs/Map/Buildings/Bridge/model/textures/dol_roughness.jpg using Guid(d28f78ee8e771484cb69bb4839a28f81) Importer(815301076,1909f56bfc062723c751e8b465ee728b)  -> (artifact id: 'd40f9a167b45e2136cd32e36faa73394') in 0.349374 seconds 
  Import took 0.353722 seconds .

========================================================================
Received Import Request.
  Time since last request: 0.000258 seconds.
  path: Assets/Prefabs/Map/Buildings/Bridge/model/textures/gora_opacity.jpg
  artifactKey: Guid(a4b586142b913d049a2463b421870c8f) Importer(815301076,1909f56bfc062723c751e8b465ee728b)
Start importing Assets/Prefabs/Map/Buildings/Bridge/model/textures/gora_opacity.jpg using Guid(a4b586142b913d049a2463b421870c8f) Importer(815301076,1909f56bfc062723c751e8b465ee728b)  -> (artifact id: '088921b2efe7b5453da741ca47351207') in 0.129589 seconds 
  Import took 0.155146 seconds .

========================================================================
Received Import Request.
  Time since last request: 0.000259 seconds.
  path: Assets/Prefabs/Map/Buildings/Bridge/model/textures/dol_metallic.jpg
  artifactKey: Guid(0e54830fb87634447a93b880bb857752) Importer(815301076,1909f56bfc062723c751e8b465ee728b)
Start importing Assets/Prefabs/Map/Buildings/Bridge/model/textures/dol_metallic.jpg using Guid(0e54830fb87634447a93b880bb857752) Importer(815301076,1909f56bfc062723c751e8b465ee728b)  -> (artifact id: 'b20c2fa19ea99cef018ba6f1a18121b5') in 0.116308 seconds 
  Import took 0.128465 seconds .

========================================================================
Received Import Request.
  Time since last request: 0.000286 seconds.
  path: Assets/Prefabs/Map/Buildings/Bridge/model/textures/gora_albedo.jpg
  artifactKey: Guid(c1bbbdac3fe3bef4f841c470e679de2e) Importer(815301076,1909f56bfc062723c751e8b465ee728b)
Start importing Assets/Prefabs/Map/Buildings/Bridge/model/textures/gora_albedo.jpg using Guid(c1bbbdac3fe3bef4f841c470e679de2e) Importer(815301076,1909f56bfc062723c751e8b465ee728b)  -> (artifact id: 'c82ad35b0125f09fe87bd41cc767eda0') in 0.140396 seconds 
  Import took 0.144224 seconds .

========================================================================
Received Import Request.
  Time since last request: 0.000294 seconds.
  path: Assets/Prefabs/Map/Buildings/Bridge/model/textures/gora_metallic.jpg
  artifactKey: Guid(81a7f26b9d2b8cc4089f6ea350224763) Importer(815301076,1909f56bfc062723c751e8b465ee728b)
Start importing Assets/Prefabs/Map/Buildings/Bridge/model/textures/gora_metallic.jpg using Guid(81a7f26b9d2b8cc4089f6ea350224763) Importer(815301076,1909f56bfc062723c751e8b465ee728b)  -> (artifact id: '8299121a2ffa6a40dc86559cad3c0ceb') in 0.143349 seconds 
  Import took 0.159596 seconds .

========================================================================
Received Import Request.
  Time since last request: 0.000247 seconds.
  path: Assets/Prefabs/Map/Buildings/Bridge/model/textures/gora_normal.jpg
  artifactKey: Guid(82489422cbaaab640acd036b7596011b) Importer(815301076,1909f56bfc062723c751e8b465ee728b)
Start importing Assets/Prefabs/Map/Buildings/Bridge/model/textures/gora_normal.jpg using Guid(82489422cbaaab640acd036b7596011b) Importer(815301076,1909f56bfc062723c751e8b465ee728b)  -> (artifact id: '8aac7ebf69f71b4a46a9ca3b45af46e2') in 0.159963 seconds 
  Import took 0.163957 seconds .

========================================================================
Received Import Request.
  Time since last request: 0.000305 seconds.
  path: Assets/Prefabs/Map/Buildings/Bridge/model/textures/rama_normal.jpg
  artifactKey: Guid(ab5a52cfa427c8944ba6907ca636bba4) Importer(815301076,1909f56bfc062723c751e8b465ee728b)
Start importing Assets/Prefabs/Map/Buildings/Bridge/model/textures/rama_normal.jpg using Guid(ab5a52cfa427c8944ba6907ca636bba4) Importer(815301076,1909f56bfc062723c751e8b465ee728b)  -> (artifact id: 'a04d9e4c366c70d1e3c3149ac0e4e262') in 0.142070 seconds 
  Import took 0.146254 seconds .

========================================================================
Received Import Request.
  Time since last request: 2.505530 seconds.
  path: Assets/Prefabs/Map/Buildings/Japanese Dinner
  artifactKey: Guid(d55dd6fc5d17ebf438251034472cf2e7) Importer(815301076,1909f56bfc062723c751e8b465ee728b)
Start importing Assets/Prefabs/Map/Buildings/Japanese Dinner using Guid(d55dd6fc5d17ebf438251034472cf2e7) Importer(815301076,1909f56bfc062723c751e8b465ee728b)  -> (artifact id: 'e718e79ec92f741a978d34663ee777c2') in 0.010379 seconds 
  Import took 0.014634 seconds .

========================================================================
Received Import Request.
  Time since last request: 1.492085 seconds.
  path: Assets/Prefabs/Map/Buildings/Japanese House 1
  artifactKey: Guid(52e1de47786c178429df16ee8100ec79) Importer(815301076,1909f56bfc062723c751e8b465ee728b)
Start importing Assets/Prefabs/Map/Buildings/Japanese House 1 using Guid(52e1de47786c178429df16ee8100ec79) Importer(815301076,1909f56bfc062723c751e8b465ee728b)  -> (artifact id: '84abf6b40cc43171bd8a5a96d15b3c6f') in 0.028123 seconds 
  Import took 0.032079 seconds .

========================================================================
Received Import Request.
  Time since last request: 1.483621 seconds.
  path: Assets/Prefabs/Map/Buildings/Japanese House 1/Material2524.png
  artifactKey: Guid(031c06d81c838e948bfa2e5d37098330) Importer(815301076,1909f56bfc062723c751e8b465ee728b)
Start importing Assets/Prefabs/Map/Buildings/Japanese House 1/Material2524.png using Guid(031c06d81c838e948bfa2e5d37098330) Importer(815301076,1909f56bfc062723c751e8b465ee728b)  -> (artifact id: '844c73fefb7c576e70acf7e8d35548d1') in 0.073028 seconds 
  Import took 0.077610 seconds .

========================================================================
Received Import Request.
  Time since last request: 0.005911 seconds.
  path: Assets/Prefabs/Map/Buildings/Japanese House 1/Material2524.png
  artifactKey: Guid(031c06d81c838e948bfa2e5d37098330) Importer(815301076,1909f56bfc062723c751e8b465ee728b)
Start importing Assets/Prefabs/Map/Buildings/Japanese House 1/Material2524.png using Guid(031c06d81c838e948bfa2e5d37098330) Importer(815301076,1909f56bfc062723c751e8b465ee728b)  -> (artifact id: '844c73fefb7c576e70acf7e8d35548d1') in 0.014769 seconds 
  Import took 0.019525 seconds .

========================================================================
Received Import Request.
  Time since last request: 267.428084 seconds.
  path: Assets/Prefabs/Map/Buildings/Japanese House 1/Japanese House 1.mtl
  artifactKey: Guid(7c5bd40c1cb7b64408e42fdf7f7d6175) Importer(815301076,1909f56bfc062723c751e8b465ee728b)
Start importing Assets/Prefabs/Map/Buildings/Japanese House 1/Japanese House 1.mtl using Guid(7c5bd40c1cb7b64408e42fdf7f7d6175) Importer(815301076,1909f56bfc062723c751e8b465ee728b)  -> (artifact id: '018b6a7a9f5c1677456561fe6c4c833f') in 0.013263 seconds 
  Import took 0.017474 seconds .

========================================================================
Received Import Request.
  Time since last request: 27.624729 seconds.
  path: Assets/Prefabs/Map/Buildings/Japanese House 2/_47.png
  artifactKey: Guid(04c6f269541df3645bafd521756481f2) Importer(815301076,1909f56bfc062723c751e8b465ee728b)
Start importing Assets/Prefabs/Map/Buildings/Japanese House 2/_47.png using Guid(04c6f269541df3645bafd521756481f2) Importer(815301076,1909f56bfc062723c751e8b465ee728b)  -> (artifact id: 'cbc4743d206738177d747fe6881f9fe7') in 0.058507 seconds 
  Import took 0.062605 seconds .

========================================================================
Received Import Request.
  Time since last request: 0.000307 seconds.
  path: Assets/Prefabs/Map/Buildings/Japanese House 2/_53.png
  artifactKey: Guid(2229c3b34dde6f741aaa0e49989681b0) Importer(815301076,1909f56bfc062723c751e8b465ee728b)
Start importing Assets/Prefabs/Map/Buildings/Japanese House 2/_53.png using Guid(2229c3b34dde6f741aaa0e49989681b0) Importer(815301076,1909f56bfc062723c751e8b465ee728b)  -> (artifact id: 'e395d643b10fa03cd981f16947c0d6a5') in 0.057321 seconds 
  Import took 0.082028 seconds .

========================================================================
Received Import Request.
  Time since last request: 0.000268 seconds.
  path: Assets/Prefabs/Map/Buildings/Japanese House 2/_49.png
  artifactKey: Guid(fad67bce1da5d244c8a1ed4b1c89645a) Importer(815301076,1909f56bfc062723c751e8b465ee728b)
Start importing Assets/Prefabs/Map/Buildings/Japanese House 2/_49.png using Guid(fad67bce1da5d244c8a1ed4b1c89645a) Importer(815301076,1909f56bfc062723c751e8b465ee728b)  -> (artifact id: '6f8efd0fe3df8055010e8b6cb28e0b21') in 0.061989 seconds 
  Import took 0.067310 seconds .

========================================================================
Received Import Request.
  Time since last request: 0.000253 seconds.
  path: Assets/Prefabs/Map/Buildings/Japanese House 2/_52.png
  artifactKey: Guid(f00bf4ca7302155498cccf741a795e62) Importer(815301076,1909f56bfc062723c751e8b465ee728b)
Start importing Assets/Prefabs/Map/Buildings/Japanese House 2/_52.png using Guid(f00bf4ca7302155498cccf741a795e62) Importer(815301076,1909f56bfc062723c751e8b465ee728b)  -> (artifact id: '26cbcf038cc6556cabfb966ca425028e') in 0.062691 seconds 
  Import took 0.067266 seconds .

========================================================================
Received Import Request.
  Time since last request: 0.000372 seconds.
  path: Assets/Prefabs/Map/Buildings/Japanese House 2/Material2524.png
  artifactKey: Guid(e0258ec17df9bcc4ea0dbf6710bc161e) Importer(815301076,1909f56bfc062723c751e8b465ee728b)
Start importing Assets/Prefabs/Map/Buildings/Japanese House 2/Material2524.png using Guid(e0258ec17df9bcc4ea0dbf6710bc161e) Importer(815301076,1909f56bfc062723c751e8b465ee728b)  -> (artifact id: 'c22657910c5639fbc1d3ed3a05b702f6') in 0.015882 seconds 
  Import took 0.023429 seconds .

========================================================================
Received Import Request.
  Time since last request: 0.000319 seconds.
  path: Assets/Prefabs/Map/Buildings/Japanese House 2/_48.png
  artifactKey: Guid(dc50532db4f20d048a9554295a375124) Importer(815301076,1909f56bfc062723c751e8b465ee728b)
Start importing Assets/Prefabs/Map/Buildings/Japanese House 2/_48.png using Guid(dc50532db4f20d048a9554295a375124) Importer(815301076,1909f56bfc062723c751e8b465ee728b)  -> (artifact id: '73d54f9ab55648eed043c7484d63191e') in 0.069363 seconds 
  Import took 0.073415 seconds .

========================================================================
Received Import Request.
  Time since last request: 0.000409 seconds.
  path: Assets/Prefabs/Map/Buildings/Japanese House 2/_50.png
  artifactKey: Guid(1e1cc23c45c5f5649aa452a3fb076382) Importer(815301076,1909f56bfc062723c751e8b465ee728b)
Start importing Assets/Prefabs/Map/Buildings/Japanese House 2/_50.png using Guid(1e1cc23c45c5f5649aa452a3fb076382) Importer(815301076,1909f56bfc062723c751e8b465ee728b)  -> (artifact id: 'a0c0b3ddd780ffb4a323fc302797d6d3') in 0.033784 seconds 
  Import took 0.037516 seconds .

========================================================================
Received Import Request.
  Time since last request: 0.000257 seconds.
  path: Assets/Prefabs/Map/Buildings/Japanese House 2/_51.png
  artifactKey: Guid(5f3243322f1ee8543a7690f4e10a9b5e) Importer(815301076,1909f56bfc062723c751e8b465ee728b)
Start importing Assets/Prefabs/Map/Buildings/Japanese House 2/_51.png using Guid(5f3243322f1ee8543a7690f4e10a9b5e) Importer(815301076,1909f56bfc062723c751e8b465ee728b)  -> (artifact id: '904dfa5aa961d0c095e65c1eeab8bc39') in 0.089278 seconds 
  Import took 0.093394 seconds .

========================================================================
Received Import Request.
  Time since last request: 10.217285 seconds.
  path: Assets/Prefabs/Map/Buildings/Japanese House 2/Japanese House 2.mtl
  artifactKey: Guid(87f4b83e01569444488e5b454b094e3e) Importer(815301076,1909f56bfc062723c751e8b465ee728b)
Start importing Assets/Prefabs/Map/Buildings/Japanese House 2/Japanese House 2.mtl using Guid(87f4b83e01569444488e5b454b094e3e) Importer(815301076,1909f56bfc062723c751e8b465ee728b)  -> (artifact id: 'fc3c5e067d0b52700324101a2ec5f2a8') in 0.016081 seconds 
  Import took 0.020113 seconds .

========================================================================
Received Import Request.
  Time since last request: 4.828424 seconds.
  path: Assets/Prefabs/Map/Buildings/Japanese House 4/source
  artifactKey: Guid(d66bef9af442c504eba597047744047f) Importer(815301076,1909f56bfc062723c751e8b465ee728b)
Start importing Assets/Prefabs/Map/Buildings/Japanese House 4/source using Guid(d66bef9af442c504eba597047744047f) Importer(815301076,1909f56bfc062723c751e8b465ee728b)  -> (artifact id: '8247aa653571b315bf1a4f318a3e2788') in 0.011704 seconds 
  Import took 0.016227 seconds .

========================================================================
Received Import Request.
  Time since last request: 0.004997 seconds.
  path: Assets/Prefabs/Map/Buildings/Japanese House 4/source
  artifactKey: Guid(d66bef9af442c504eba597047744047f) Importer(815301076,1909f56bfc062723c751e8b465ee728b)
Start importing Assets/Prefabs/Map/Buildings/Japanese House 4/source using Guid(d66bef9af442c504eba597047744047f) Importer(815301076,1909f56bfc062723c751e8b465ee728b)  -> (artifact id: '8247aa653571b315bf1a4f318a3e2788') in 0.006152 seconds 
  Import took 0.013395 seconds .

========================================================================
Received Import Request.
  Time since last request: 4.081611 seconds.
  path: Assets/Prefabs/Map/Buildings/Japanese House 4/textures
  artifactKey: Guid(0667fc0b8031f104aafc676c96dabb5a) Importer(815301076,1909f56bfc062723c751e8b465ee728b)
Start importing Assets/Prefabs/Map/Buildings/Japanese House 4/textures using Guid(0667fc0b8031f104aafc676c96dabb5a) Importer(815301076,1909f56bfc062723c751e8b465ee728b)  -> (artifact id: '8a175a7abde9aae1c7f070b99b4126c4') in 0.021021 seconds 
  Import took 0.025669 seconds .

========================================================================
Received Import Request.
  Time since last request: 0.000292 seconds.
  path: Assets/Prefabs/Map/Buildings/Japanese House 4/textures/rough.jpg
  artifactKey: Guid(c9b764277b1046b4694e23b0ff39a396) Importer(815301076,1909f56bfc062723c751e8b465ee728b)
Start importing Assets/Prefabs/Map/Buildings/Japanese House 4/textures/rough.jpg using Guid(c9b764277b1046b4694e23b0ff39a396) Importer(815301076,1909f56bfc062723c751e8b465ee728b)  -> (artifact id: '7a2fc5cb54fa5a1613d18bd28c711596') in 0.125840 seconds 
  Import took 0.129857 seconds .

========================================================================
Received Import Request.
  Time since last request: 0.000330 seconds.
  path: Assets/Prefabs/Map/Buildings/Japanese House 4/textures/Trim_low_JapaneseHouseLayout_BaseColor.png
  artifactKey: Guid(976b89d317cc8064c99ceb540189ecc7) Importer(815301076,1909f56bfc062723c751e8b465ee728b)
Start importing Assets/Prefabs/Map/Buildings/Japanese House 4/textures/Trim_low_JapaneseHouseLayout_BaseColor.png using Guid(976b89d317cc8064c99ceb540189ecc7) Importer(815301076,1909f56bfc062723c751e8b465ee728b)  -> (artifact id: 'b0ff4d53529bfc9abfa8109233d67f49') in 0.156955 seconds 
  Import took 0.160648 seconds .

========================================================================
Received Import Request.
  Time since last request: 0.000252 seconds.
  path: Assets/Prefabs/Map/Buildings/Japanese House 4/textures/Trim_low_JapaneseHouseLayout_Normal.png
  artifactKey: Guid(a64ecd07ee84da948bdeee6479c86d1b) Importer(815301076,1909f56bfc062723c751e8b465ee728b)
Start importing Assets/Prefabs/Map/Buildings/Japanese House 4/textures/Trim_low_JapaneseHouseLayout_Normal.png using Guid(a64ecd07ee84da948bdeee6479c86d1b) Importer(815301076,1909f56bfc062723c751e8b465ee728b)  -> (artifact id: '36c2d86bc1dec11acf2a521053d1a3b0') in 0.127654 seconds 
  Import took 0.131416 seconds .

========================================================================
Received Import Request.
  Time since last request: 0.000237 seconds.
  path: Assets/Prefabs/Map/Buildings/Japanese House 4/textures/internal_ground_ao_texture.jpeg
  artifactKey: Guid(cbb37ce766cd51a40beeb48b138f866c) Importer(815301076,1909f56bfc062723c751e8b465ee728b)
Start importing Assets/Prefabs/Map/Buildings/Japanese House 4/textures/internal_ground_ao_texture.jpeg using Guid(cbb37ce766cd51a40beeb48b138f866c) Importer(815301076,1909f56bfc062723c751e8b465ee728b)  -> (artifact id: '714c99e0156c880e71063d5deb838e7b') in 0.069112 seconds 
  Import took 0.072540 seconds .

========================================================================
Received Import Request.
  Time since last request: 0.000281 seconds.
  path: Assets/Prefabs/Map/Buildings/Japanese House 4/textures/met.jpg
  artifactKey: Guid(1bd62a54656eab64db5d55d4706f7fb7) Importer(815301076,1909f56bfc062723c751e8b465ee728b)
Start importing Assets/Prefabs/Map/Buildings/Japanese House 4/textures/met.jpg using Guid(1bd62a54656eab64db5d55d4706f7fb7) Importer(815301076,1909f56bfc062723c751e8b465ee728b)  -> (artifact id: 'a04cf42601e4501fd901f693646c88d3') in 0.105510 seconds 
  Import took 0.109307 seconds .

========================================================================
Received Import Request.
  Time since last request: 0.000259 seconds.
  path: Assets/Prefabs/Map/Buildings/Japanese House 4/textures/AO.jpg
  artifactKey: Guid(b2ca43b0af9c5c64aa7274628556194b) Importer(815301076,1909f56bfc062723c751e8b465ee728b)
Start importing Assets/Prefabs/Map/Buildings/Japanese House 4/textures/AO.jpg using Guid(b2ca43b0af9c5c64aa7274628556194b) Importer(815301076,1909f56bfc062723c751e8b465ee728b)  -> (artifact id: '120078430163fd5f104955bbff3b1589') in 0.166229 seconds 
  Import took 0.169621 seconds .

========================================================================
Received Import Request.
  Time since last request: 7.033385 seconds.
  path: Assets/Prefabs/Map/Buildings/Japanese House 6/textures
  artifactKey: Guid(108561e6a5b4d944c8e5465fb09ede94) Importer(815301076,1909f56bfc062723c751e8b465ee728b)
Start importing Assets/Prefabs/Map/Buildings/Japanese House 6/textures using Guid(108561e6a5b4d944c8e5465fb09ede94) Importer(815301076,1909f56bfc062723c751e8b465ee728b)  -> (artifact id: '4386e1009eeae22272c818b9db6b601b') in 0.006540 seconds 
  Import took 0.042169 seconds .

========================================================================
Received Import Request.
  Time since last request: 0.000293 seconds.
  path: Assets/Prefabs/Map/Buildings/Japanese House 6/textures/white_stone_Normal.jpg
  artifactKey: Guid(948007662c1ec4a4bbf87956511148a8) Importer(815301076,1909f56bfc062723c751e8b465ee728b)
Start importing Assets/Prefabs/Map/Buildings/Japanese House 6/textures/white_stone_Normal.jpg using Guid(948007662c1ec4a4bbf87956511148a8) Importer(815301076,1909f56bfc062723c751e8b465ee728b)  -> (artifact id: '2f0aabdbb27a28766d21ae33da269002') in 0.073551 seconds 
  Import took 0.078355 seconds .

========================================================================
Received Import Request.
  Time since last request: 0.000293 seconds.
  path: Assets/Prefabs/Map/Buildings/Japanese House 6/textures/pillow.jpg
  artifactKey: Guid(9705a90fe682bf349900176012b61448) Importer(815301076,1909f56bfc062723c751e8b465ee728b)
Start importing Assets/Prefabs/Map/Buildings/Japanese House 6/textures/pillow.jpg using Guid(9705a90fe682bf349900176012b61448) Importer(815301076,1909f56bfc062723c751e8b465ee728b)  -> (artifact id: 'b53bcc0d0154551c32d6913a8146f9bb') in 0.033747 seconds 
  Import took 0.037849 seconds .

========================================================================
Received Import Request.
  Time since last request: 0.000257 seconds.
  path: Assets/Prefabs/Map/Buildings/Japanese House 6/textures/quilt_pattern.jpg
  artifactKey: Guid(f4af60d04eb09254cb2cb8de662de92d) Importer(815301076,1909f56bfc062723c751e8b465ee728b)
Start importing Assets/Prefabs/Map/Buildings/Japanese House 6/textures/quilt_pattern.jpg using Guid(f4af60d04eb09254cb2cb8de662de92d) Importer(815301076,1909f56bfc062723c751e8b465ee728b)  -> (artifact id: '0951c12dbb66a9343c443c7e47d6ee6f') in 0.093962 seconds 
  Import took 0.098162 seconds .

========================================================================
Received Import Request.
  Time since last request: 0.000250 seconds.
  path: Assets/Prefabs/Map/Buildings/Japanese House 6/textures/paper_Normal.jpg
  artifactKey: Guid(56b3ac72a277b4e4ab09942ff9646458) Importer(815301076,1909f56bfc062723c751e8b465ee728b)
Start importing Assets/Prefabs/Map/Buildings/Japanese House 6/textures/paper_Normal.jpg using Guid(56b3ac72a277b4e4ab09942ff9646458) Importer(815301076,1909f56bfc062723c751e8b465ee728b)  -> (artifact id: 'a74df163d939727c89c3767794eb67ab') in 0.074291 seconds 
  Import took 0.079209 seconds .

========================================================================
Received Import Request.
  Time since last request: 0.000257 seconds.
  path: Assets/Prefabs/Map/Buildings/Japanese House 6/textures/table.jpg
  artifactKey: Guid(9a75b8474316839469d75622ae5cdaf1) Importer(815301076,1909f56bfc062723c751e8b465ee728b)
Start importing Assets/Prefabs/Map/Buildings/Japanese House 6/textures/table.jpg using Guid(9a75b8474316839469d75622ae5cdaf1) Importer(815301076,1909f56bfc062723c751e8b465ee728b)  -> (artifact id: '78cd4735e6c45ca4f3fc20274df2ac97') in 0.029770 seconds 
  Import took 0.033918 seconds .

========================================================================
Received Import Request.
  Time since last request: 0.000270 seconds.
  path: Assets/Prefabs/Map/Buildings/Japanese House 6/textures/rooftexture.png
  artifactKey: Guid(c6aae3a2e8a11ce4ea4d05db7ac44325) Importer(815301076,1909f56bfc062723c751e8b465ee728b)
Start importing Assets/Prefabs/Map/Buildings/Japanese House 6/textures/rooftexture.png using Guid(c6aae3a2e8a11ce4ea4d05db7ac44325) Importer(815301076,1909f56bfc062723c751e8b465ee728b)  -> (artifact id: 'acbc8f8daf84fc4eb4c6a8dedd41861a') in 0.125546 seconds 
  Import took 0.130885 seconds .

========================================================================
Received Import Request.
  Time since last request: 0.000439 seconds.
  path: Assets/Prefabs/Map/Buildings/Japanese House 6/textures/wooden_wall.jpg
  artifactKey: Guid(ce844a316b933574885725328dacd1dd) Importer(815301076,1909f56bfc062723c751e8b465ee728b)
Start importing Assets/Prefabs/Map/Buildings/Japanese House 6/textures/wooden_wall.jpg using Guid(ce844a316b933574885725328dacd1dd) Importer(815301076,1909f56bfc062723c751e8b465ee728b)  -> (artifact id: '38f90b4a80887fa049440c38a4426cc8') in 0.050398 seconds 
  Import took 0.054458 seconds .

========================================================================
Received Import Request.
  Time since last request: 0.000422 seconds.
  path: Assets/Prefabs/Map/Buildings/Japanese House 6/textures/latern_normal.jpg
  artifactKey: Guid(99a34295f4c8f9a4a823860f1ac7c59c) Importer(815301076,1909f56bfc062723c751e8b465ee728b)
Start importing Assets/Prefabs/Map/Buildings/Japanese House 6/textures/latern_normal.jpg using Guid(99a34295f4c8f9a4a823860f1ac7c59c) Importer(815301076,1909f56bfc062723c751e8b465ee728b)  -> (artifact id: '45912522c983a5a9b53fd618a36d0a0f') in 0.120161 seconds 
  Import took 0.124677 seconds .

========================================================================
Received Import Request.
  Time since last request: 0.000243 seconds.
  path: Assets/Prefabs/Map/Buildings/Japanese House 6/textures/shelf_normal.jpg
  artifactKey: Guid(3db016458308a2d40956728f2bb55d05) Importer(815301076,1909f56bfc062723c751e8b465ee728b)
Start importing Assets/Prefabs/Map/Buildings/Japanese House 6/textures/shelf_normal.jpg using Guid(3db016458308a2d40956728f2bb55d05) Importer(815301076,1909f56bfc062723c751e8b465ee728b)  -> (artifact id: '8fa29aad6bc0f51b04b706b6d4c8e8bb') in 0.070971 seconds 
  Import took 0.075872 seconds .

========================================================================
Received Import Request.
  Time since last request: 0.000350 seconds.
  path: Assets/Prefabs/Map/Buildings/Japanese House 6/textures/katana_normal.jpg
  artifactKey: Guid(6164d594f2949954cab8ec599ce6e89b) Importer(815301076,1909f56bfc062723c751e8b465ee728b)
Start importing Assets/Prefabs/Map/Buildings/Japanese House 6/textures/katana_normal.jpg using Guid(6164d594f2949954cab8ec599ce6e89b) Importer(815301076,1909f56bfc062723c751e8b465ee728b)  -> (artifact id: 'eb9b022e837da41c8acbecacc450763c') in 0.087313 seconds 
  Import took 0.091690 seconds .

========================================================================
Received Import Request.
  Time since last request: 0.000247 seconds.
  path: Assets/Prefabs/Map/Buildings/Japanese House 6/textures/latern_texture.jpg
  artifactKey: Guid(b4890978adc475548baf282f2eb83d1d) Importer(815301076,1909f56bfc062723c751e8b465ee728b)
Start importing Assets/Prefabs/Map/Buildings/Japanese House 6/textures/latern_texture.jpg using Guid(b4890978adc475548baf282f2eb83d1d) Importer(815301076,1909f56bfc062723c751e8b465ee728b)  -> (artifact id: '875ff590e71e79a625a8fa63d66311aa') in 0.105904 seconds 
  Import took 0.109849 seconds .

========================================================================
Received Import Request.
  Time since last request: 0.000299 seconds.
  path: Assets/Prefabs/Map/Buildings/Japanese House 6/textures/quilt_normal.jpg
  artifactKey: Guid(bc9da27f5a8ed5a4faba827f1d9011cc) Importer(815301076,1909f56bfc062723c751e8b465ee728b)
Start importing Assets/Prefabs/Map/Buildings/Japanese House 6/textures/quilt_normal.jpg using Guid(bc9da27f5a8ed5a4faba827f1d9011cc) Importer(815301076,1909f56bfc062723c751e8b465ee728b)  -> (artifact id: '8765677968ab848634a41d04006f3990') in 0.035150 seconds 
  Import took 0.038945 seconds .

========================================================================
Received Import Request.
  Time since last request: 0.000274 seconds.
  path: Assets/Prefabs/Map/Buildings/Japanese House 6/textures/wooden_Normal.jpg
  artifactKey: Guid(4f3c612321b76dc4d842a3d2de11a291) Importer(815301076,1909f56bfc062723c751e8b465ee728b)
Start importing Assets/Prefabs/Map/Buildings/Japanese House 6/textures/wooden_Normal.jpg using Guid(4f3c612321b76dc4d842a3d2de11a291) Importer(815301076,1909f56bfc062723c751e8b465ee728b)  -> (artifact id: '0157acdc26f69944297cb655c9a50cd1') in 0.100200 seconds 
  Import took 0.104598 seconds .

========================================================================
Received Import Request.
  Time since last request: 0.000314 seconds.
  path: Assets/Prefabs/Map/Buildings/Japanese House 6/textures/daoqiao_normal.jpg
  artifactKey: Guid(7d33f69b2c2f41742b8368cc323268f9) Importer(815301076,1909f56bfc062723c751e8b465ee728b)
Start importing Assets/Prefabs/Map/Buildings/Japanese House 6/textures/daoqiao_normal.jpg using Guid(7d33f69b2c2f41742b8368cc323268f9) Importer(815301076,1909f56bfc062723c751e8b465ee728b)  -> (artifact id: '40b339700109b1d120b3a1f2c3416436') in 0.128150 seconds 
  Import took 0.132088 seconds .

========================================================================
Received Import Request.
  Time since last request: 0.000242 seconds.
  path: Assets/Prefabs/Map/Buildings/Japanese House 6/textures/katana.jpg
  artifactKey: Guid(ccf079406bfcdae458df648ca3bbd0bd) Importer(815301076,1909f56bfc062723c751e8b465ee728b)
Start importing Assets/Prefabs/Map/Buildings/Japanese House 6/textures/katana.jpg using Guid(ccf079406bfcdae458df648ca3bbd0bd) Importer(815301076,1909f56bfc062723c751e8b465ee728b)  -> (artifact id: '4632a3730f5ac5ce433f8582e3bc1fc2') in 0.023307 seconds 
  Import took 0.027223 seconds .

========================================================================
Received Import Request.
  Time since last request: 0.000293 seconds.
  path: Assets/Prefabs/Map/Buildings/Japanese House 6/textures/floorNormal.png
  artifactKey: Guid(ba1a78c365c1be646a385f68f727f031) Importer(815301076,1909f56bfc062723c751e8b465ee728b)
Start importing Assets/Prefabs/Map/Buildings/Japanese House 6/textures/floorNormal.png using Guid(ba1a78c365c1be646a385f68f727f031) Importer(815301076,1909f56bfc062723c751e8b465ee728b)  -> (artifact id: '1e4b1c51877e1ccaa332cc397ca59b73') in 0.031189 seconds 
  Import took 0.035725 seconds .

========================================================================
Received Import Request.
  Time since last request: 0.000263 seconds.
  path: Assets/Prefabs/Map/Buildings/Japanese House 6/textures/paper.jpg
  artifactKey: Guid(473607ed9f4501e419ba2f4793c2de99) Importer(815301076,1909f56bfc062723c751e8b465ee728b)
Start importing Assets/Prefabs/Map/Buildings/Japanese House 6/textures/paper.jpg using Guid(473607ed9f4501e419ba2f4793c2de99) Importer(815301076,1909f56bfc062723c751e8b465ee728b)  -> (artifact id: '2a850b895ef9e736e0b596e37b2b1c04') in 0.035602 seconds 
  Import took 0.040039 seconds .

========================================================================
Received Import Request.
  Time since last request: 0.000543 seconds.
  path: Assets/Prefabs/Map/Buildings/Japanese House 6/textures/wooden_roof.jpg
  artifactKey: Guid(ad5b92ae998ebe34684e350e3e7ab945) Importer(815301076,1909f56bfc062723c751e8b465ee728b)
Start importing Assets/Prefabs/Map/Buildings/Japanese House 6/textures/wooden_roof.jpg using Guid(ad5b92ae998ebe34684e350e3e7ab945) Importer(815301076,1909f56bfc062723c751e8b465ee728b)  -> (artifact id: '3b93bbcb096dc5696442c7690d5a5754') in 0.081349 seconds 
  Import took 0.103010 seconds .

========================================================================
Received Import Request.
  Time since last request: 0.000253 seconds.
  path: Assets/Prefabs/Map/Buildings/Japanese House 6/textures/wooden_roof_Normal.jpg
  artifactKey: Guid(ce5fba07ba7a00b419145634e57999b7) Importer(815301076,1909f56bfc062723c751e8b465ee728b)
Start importing Assets/Prefabs/Map/Buildings/Japanese House 6/textures/wooden_roof_Normal.jpg using Guid(ce5fba07ba7a00b419145634e57999b7) Importer(815301076,1909f56bfc062723c751e8b465ee728b)  -> (artifact id: 'f2addbb8d5a4d669b3c0f438c6ab8d06') in 0.057883 seconds 
  Import took 0.062162 seconds .

========================================================================
Received Import Request.
  Time since last request: 0.000260 seconds.
  path: Assets/Prefabs/Map/Buildings/Japanese House 6/textures/floorTexture.png
  artifactKey: Guid(b92df6397a9f5254cab0fcccbc3a0f3b) Importer(815301076,1909f56bfc062723c751e8b465ee728b)
Start importing Assets/Prefabs/Map/Buildings/Japanese House 6/textures/floorTexture.png using Guid(b92df6397a9f5254cab0fcccbc3a0f3b) Importer(815301076,1909f56bfc062723c751e8b465ee728b)  -> (artifact id: '0a19e290106202438afdd1c26762492f') in 0.041172 seconds 
  Import took 0.045788 seconds .

========================================================================
Received Import Request.
  Time since last request: 0.000296 seconds.
  path: Assets/Prefabs/Map/Buildings/Japanese House 6/textures/daoqiao.jpg
  artifactKey: Guid(f404a54c2819d1e4eb0d21752a217ec9) Importer(815301076,1909f56bfc062723c751e8b465ee728b)
Start importing Assets/Prefabs/Map/Buildings/Japanese House 6/textures/daoqiao.jpg using Guid(f404a54c2819d1e4eb0d21752a217ec9) Importer(815301076,1909f56bfc062723c751e8b465ee728b)  -> (artifact id: '296c088352e91ce1e3a8465b94964822') in 0.033839 seconds 
  Import took 0.037830 seconds .

========================================================================
Received Import Request.
  Time since last request: 0.000516 seconds.
  path: Assets/Prefabs/Map/Buildings/Japanese House 6/textures/table_normal.jpg
  artifactKey: Guid(8c9367c91237a564189904bd45c370e7) Importer(815301076,1909f56bfc062723c751e8b465ee728b)
Start importing Assets/Prefabs/Map/Buildings/Japanese House 6/textures/table_normal.jpg using Guid(8c9367c91237a564189904bd45c370e7) Importer(815301076,1909f56bfc062723c751e8b465ee728b)  -> (artifact id: '09d521624ea8fc6151cd2ddbb60021ec') in 0.116887 seconds 
  Import took 0.122207 seconds .

========================================================================
Received Import Request.
  Time since last request: 0.000264 seconds.
  path: Assets/Prefabs/Map/Buildings/Japanese House 6/textures/white_stone.jpg
  artifactKey: Guid(01f20f5c8c59c3b459ce7db6b318a2ba) Importer(815301076,1909f56bfc062723c751e8b465ee728b)
Start importing Assets/Prefabs/Map/Buildings/Japanese House 6/textures/white_stone.jpg using Guid(01f20f5c8c59c3b459ce7db6b318a2ba) Importer(815301076,1909f56bfc062723c751e8b465ee728b)  -> (artifact id: '795de24d5f12e94c8b8d9359c502e3f8') in 0.088117 seconds 
  Import took 0.091615 seconds .

========================================================================
Received Import Request.
  Time since last request: 0.000256 seconds.
  path: Assets/Prefabs/Map/Buildings/Japanese House 6/textures/chuangdan.jpg
  artifactKey: Guid(d554a831c5ac49148a6d5127659049e4) Importer(815301076,1909f56bfc062723c751e8b465ee728b)
Start importing Assets/Prefabs/Map/Buildings/Japanese House 6/textures/chuangdan.jpg using Guid(d554a831c5ac49148a6d5127659049e4) Importer(815301076,1909f56bfc062723c751e8b465ee728b)  -> (artifact id: '0a94e4f54ae8518570c313d4caae4df4') in 0.023088 seconds 
  Import took 0.027573 seconds .

========================================================================
Received Import Request.
  Time since last request: 0.000283 seconds.
  path: Assets/Prefabs/Map/Buildings/Japanese House 6/textures/roofNoraml.png
  artifactKey: Guid(1f943a121e5d5234bb7c80ebbf634ecb) Importer(815301076,1909f56bfc062723c751e8b465ee728b)
Start importing Assets/Prefabs/Map/Buildings/Japanese House 6/textures/roofNoraml.png using Guid(1f943a121e5d5234bb7c80ebbf634ecb) Importer(815301076,1909f56bfc062723c751e8b465ee728b)  -> (artifact id: '9024b1f005b642fc4881a2f65ae80f62') in 0.029303 seconds 
  Import took 0.033265 seconds .

========================================================================
Received Import Request.
  Time since last request: 0.000262 seconds.
  path: Assets/Prefabs/Map/Buildings/Japanese House 6/textures/shelf.jpg
  artifactKey: Guid(b18863996342ec74eac5127f0db9a027) Importer(815301076,1909f56bfc062723c751e8b465ee728b)
Start importing Assets/Prefabs/Map/Buildings/Japanese House 6/textures/shelf.jpg using Guid(b18863996342ec74eac5127f0db9a027) Importer(815301076,1909f56bfc062723c751e8b465ee728b)  -> (artifact id: '679cb2b3564c53303fda67c098665408') in 0.037071 seconds 
  Import took 0.042041 seconds .

========================================================================
Received Import Request.
  Time since last request: 0.009317 seconds.
  path: Assets/Prefabs/Map/Buildings/Japanese House 6/textures/shelf.jpg
  artifactKey: Guid(b18863996342ec74eac5127f0db9a027) Importer(815301076,1909f56bfc062723c751e8b465ee728b)
Start importing Assets/Prefabs/Map/Buildings/Japanese House 6/textures/shelf.jpg using Guid(b18863996342ec74eac5127f0db9a027) Importer(815301076,1909f56bfc062723c751e8b465ee728b)  -> (artifact id: '679cb2b3564c53303fda67c098665408') in 0.017387 seconds 
  Import took 0.023682 seconds .

========================================================================
Received Import Request.
  Time since last request: 11.347110 seconds.
  path: Assets/Prefabs/Map/Buildings/Japanese_Temple_Model/Materials
  artifactKey: Guid(e4a45dd64c0ac1448819a7ec53efe053) Importer(815301076,1909f56bfc062723c751e8b465ee728b)
Start importing Assets/Prefabs/Map/Buildings/Japanese_Temple_Model/Materials using Guid(e4a45dd64c0ac1448819a7ec53efe053) Importer(815301076,1909f56bfc062723c751e8b465ee728b)  -> (artifact id: 'f3257dd7ffda8956fd76cb88201aae71') in 0.029682 seconds 
  Import took 0.033924 seconds .

========================================================================
Received Import Request.
  Time since last request: 0.016286 seconds.
  path: Assets/Prefabs/Map/Buildings/Japanese_Temple_Model/Materials
  artifactKey: Guid(e4a45dd64c0ac1448819a7ec53efe053) Importer(815301076,1909f56bfc062723c751e8b465ee728b)
Start importing Assets/Prefabs/Map/Buildings/Japanese_Temple_Model/Materials using Guid(e4a45dd64c0ac1448819a7ec53efe053) Importer(815301076,1909f56bfc062723c751e8b465ee728b)  -> (artifact id: 'f3257dd7ffda8956fd76cb88201aae71') in 0.006030 seconds 
  Import took 0.010314 seconds .

========================================================================
Received Import Request.
  Time since last request: 17.577378 seconds.
  path: Assets/Prefabs/Map/Buildings/Minka House/Materials
  artifactKey: Guid(bb75345ff9310f647aad3a7e64a1d086) Importer(815301076,1909f56bfc062723c751e8b465ee728b)
Start importing Assets/Prefabs/Map/Buildings/Minka House/Materials using Guid(bb75345ff9310f647aad3a7e64a1d086) Importer(815301076,1909f56bfc062723c751e8b465ee728b)  -> (artifact id: '769e34f910047533c3328164800d1ad9') in 0.005137 seconds 
  Import took 0.009760 seconds .

========================================================================
Received Import Request.
  Time since last request: 12.202691 seconds.
  path: Assets/Prefabs/Map/Buildings/RamenShop/ramen shop
  artifactKey: Guid(c40cea2a6eaa8e746be1f6d766c151b2) Importer(815301076,1909f56bfc062723c751e8b465ee728b)
Start importing Assets/Prefabs/Map/Buildings/RamenShop/ramen shop using Guid(c40cea2a6eaa8e746be1f6d766c151b2) Importer(815301076,1909f56bfc062723c751e8b465ee728b)  -> (artifact id: '0f519ac5478d9699a83bd2d122c0d3e9') in 0.011283 seconds 
  Import took 0.014819 seconds .

========================================================================
Received Import Request.
  Time since last request: 0.006554 seconds.
  path: Assets/Prefabs/Map/Buildings/RamenShop/ramen shop/ShoWaHouse01.FBX
  artifactKey: Guid(3c12d85c8feb11248812dd5055c22f54) Importer(815301076,1909f56bfc062723c751e8b465ee728b)
Start importing Assets/Prefabs/Map/Buildings/RamenShop/ramen shop/ShoWaHouse01.FBX using Guid(3c12d85c8feb11248812dd5055c22f54) Importer(815301076,1909f56bfc062723c751e8b465ee728b)  -> (artifact id: 'ceef35f2a2e287991a3a9beeb717d1b1') in 0.282637 seconds 
  Import took 0.287086 seconds .

========================================================================
Received Import Request.
  Time since last request: 0.000335 seconds.
  path: Assets/Prefabs/Map/Buildings/RamenShop/ramen shop/ShoWaHouse_Diffuse01.png
  artifactKey: Guid(96fe25b87edcb7f42823ebb261f3def6) Importer(815301076,1909f56bfc062723c751e8b465ee728b)
Start importing Assets/Prefabs/Map/Buildings/RamenShop/ramen shop/ShoWaHouse_Diffuse01.png using Guid(96fe25b87edcb7f42823ebb261f3def6) Importer(815301076,1909f56bfc062723c751e8b465ee728b)  -> (artifact id: '8b3a14037350e4fdfc2e575364bb04b7') in 0.041278 seconds 
  Import took 0.045720 seconds .

========================================================================
Received Import Request.
  Time since last request: 0.000329 seconds.
  path: Assets/Prefabs/Map/Buildings/RamenShop/ramen shop/ShoWaHouse_Diffuse02.tga
  artifactKey: Guid(e8e739ac30f508a44a8e3af2268e6f16) Importer(815301076,1909f56bfc062723c751e8b465ee728b)
Start importing Assets/Prefabs/Map/Buildings/RamenShop/ramen shop/ShoWaHouse_Diffuse02.tga using Guid(e8e739ac30f508a44a8e3af2268e6f16) Importer(815301076,1909f56bfc062723c751e8b465ee728b)  -> (artifact id: '919db0e60daa4483e1d6c0b2325229be') in 0.130866 seconds 
  Import took 0.134733 seconds .

========================================================================
Received Import Request.
  Time since last request: 0.000464 seconds.
  path: Assets/Prefabs/Map/Buildings/RamenShop/ramen shop/ShoWaHouse_Diffuse03.tga
  artifactKey: Guid(e1fedcd64e15cf34f9e0661ce7dcf42e) Importer(815301076,1909f56bfc062723c751e8b465ee728b)
Start importing Assets/Prefabs/Map/Buildings/RamenShop/ramen shop/ShoWaHouse_Diffuse03.tga using Guid(e1fedcd64e15cf34f9e0661ce7dcf42e) Importer(815301076,1909f56bfc062723c751e8b465ee728b)  -> (artifact id: 'f1b9a1274c1ca89ff531d032c34b6f2f') in 0.024089 seconds 
  Import took 0.028338 seconds .

========================================================================
Received Import Request.
  Time since last request: 42.825479 seconds.
  path: Assets/Prefabs/Map/Grass 1/textures/Blades of Grass.png
  artifactKey: Guid(7bae7aba6ba7f2f42963e212a43f187c) Importer(815301076,1909f56bfc062723c751e8b465ee728b)
Start importing Assets/Prefabs/Map/Grass 1/textures/Blades of Grass.png using Guid(7bae7aba6ba7f2f42963e212a43f187c) Importer(815301076,1909f56bfc062723c751e8b465ee728b)  -> (artifact id: '9d81152b86863a07922d2e401aa19799') in 0.062316 seconds 
  Import took 0.066964 seconds .

========================================================================
Received Prepare
Registering precompiled user dll's ...
Registered in 0.019809 seconds.
Begin MonoManager ReloadAssembly
Native extension for WindowsStandalone target not found
Refreshing native plugins compatible for Editor in 1.20 ms, found 2 plugins.
Preloading 0 native plugins for Editor in 0.00 ms.
Mono: successfully reloaded assembly
- Completed reload, in  3.778 seconds
Domain Reload Profiling:
	ReloadAssembly (3779ms)
		BeginReloadAssembly (348ms)
			ExecutionOrderSort (0ms)
			DisableScriptedObjects (15ms)
			BackupInstance (0ms)
			ReleaseScriptingObjects (0ms)
			CreateAndSetChildDomain (110ms)
		EndReloadAssembly (3196ms)
			LoadAssemblies (307ms)
			RebuildTransferFunctionScriptingTraits (0ms)
			SetupTypeCache (940ms)
			ReleaseScriptCaches (2ms)
			RebuildScriptCaches (156ms)
			SetupLoadedEditorAssemblies (1464ms)
				LogAssemblyErrors (0ms)
				InitializePlatformSupportModulesInManaged (19ms)
				SetLoadedEditorAssemblies (1ms)
				RefreshPlugins (2ms)
				BeforeProcessingInitializeOnLoad (300ms)
				ProcessInitializeOnLoadAttributes (1094ms)
				ProcessInitializeOnLoadMethodAttributes (21ms)
				AfterProcessingInitializeOnLoad (24ms)
				EditorAssembliesLoaded (1ms)
			ExecutionOrderSort2 (0ms)
			AwakeInstancesAfterBackupRestoration (21ms)
Platform modules already initialized, skipping
Refreshing native plugins compatible for Editor in 1.42 ms, found 2 plugins.
Preloading 0 native plugins for Editor in 0.00 ms.
Unloading 1648 Unused Serialized files (Serialized files now loaded: 0)
System memory in use before: 87.9 MB.
System memory in use after: 88.0 MB.

Unloading 15 unused Assets to reduce memory usage. Loaded Objects now: 2196.
Total: 8.662200 ms (FindLiveObjects: 0.410100 ms CreateObjectMapping: 0.082900 ms MarkObjects: 7.976600 ms  DeleteObjects: 0.189800 ms)

AssetImportParameters requested are different than current active one (requested -> active):
  custom:framework-win-MediaFoundation: 216162199b28c13a410421893ffa2e32 -> 
  custom:video-decoder-ogg-theora: a1e56fd34408186e4bbccfd4996cb3dc -> 
  custom:container-muxer-webm: aa71ff27fc2769a1b78a27578f13a17b -> 
  custom:container-demuxer-webm: 4f35f7cbe854078d1ac9338744f61a02 -> 
  custom:container-demuxer-ogg: 62fdf1f143b41e24485cea50d1cbac27 -> 
  custom:video-encoder-webm-vp8: eb34c28f22e8b96e1ab97ce403110664 -> 
  custom:video-decoder-webm-vp8: 9c59270c3fd7afecdb556c50c9e8de78 -> 
  custom:audio-decoder-ogg-vorbis: bf7c407c2cedff20999df2af8eb42d56 -> 
  custom:audio-encoder-webm-vorbis: bf7c407c2cedff20999df2af8eb42d56 -> 
========================================================================
Received Prepare
Registering precompiled user dll's ...
Registered in 0.017076 seconds.
Begin MonoManager ReloadAssembly
Native extension for WindowsStandalone target not found
Refreshing native plugins compatible for Editor in 0.59 ms, found 2 plugins.
Preloading 0 native plugins for Editor in 0.00 ms.
Mono: successfully reloaded assembly
- Completed reload, in  3.298 seconds
Domain Reload Profiling:
	ReloadAssembly (3300ms)
		BeginReloadAssembly (324ms)
			ExecutionOrderSort (0ms)
			DisableScriptedObjects (16ms)
			BackupInstance (0ms)
			ReleaseScriptingObjects (0ms)
			CreateAndSetChildDomain (94ms)
		EndReloadAssembly (2756ms)
			LoadAssemblies (287ms)
			RebuildTransferFunctionScriptingTraits (0ms)
			SetupTypeCache (839ms)
			ReleaseScriptCaches (7ms)
			RebuildScriptCaches (123ms)
			SetupLoadedEditorAssemblies (1262ms)
				LogAssemblyErrors (0ms)
				InitializePlatformSupportModulesInManaged (12ms)
				SetLoadedEditorAssemblies (1ms)
				RefreshPlugins (1ms)
				BeforeProcessingInitializeOnLoad (231ms)
				ProcessInitializeOnLoadAttributes (979ms)
				ProcessInitializeOnLoadMethodAttributes (12ms)
				AfterProcessingInitializeOnLoad (26ms)
				EditorAssembliesLoaded (1ms)
			ExecutionOrderSort2 (0ms)
			AwakeInstancesAfterBackupRestoration (22ms)
Platform modules already initialized, skipping
Refreshing native plugins compatible for Editor in 1.06 ms, found 2 plugins.
Preloading 0 native plugins for Editor in 0.00 ms.
Unloading 1648 Unused Serialized files (Serialized files now loaded: 0)
System memory in use before: 88.0 MB.
System memory in use after: 88.0 MB.

Unloading 15 unused Assets to reduce memory usage. Loaded Objects now: 2199.
Total: 6.026200 ms (FindLiveObjects: 0.434200 ms CreateObjectMapping: 0.104200 ms MarkObjects: 5.289100 ms  DeleteObjects: 0.195700 ms)

AssetImportParameters requested are different than current active one (requested -> active):
  custom:framework-win-MediaFoundation: 216162199b28c13a410421893ffa2e32 -> 
  custom:video-decoder-ogg-theora: a1e56fd34408186e4bbccfd4996cb3dc -> 
  custom:container-muxer-webm: aa71ff27fc2769a1b78a27578f13a17b -> 
  custom:container-demuxer-webm: 4f35f7cbe854078d1ac9338744f61a02 -> 
  custom:container-demuxer-ogg: 62fdf1f143b41e24485cea50d1cbac27 -> 
  custom:video-encoder-webm-vp8: eb34c28f22e8b96e1ab97ce403110664 -> 
  custom:video-decoder-webm-vp8: 9c59270c3fd7afecdb556c50c9e8de78 -> 
  custom:audio-decoder-ogg-vorbis: bf7c407c2cedff20999df2af8eb42d56 -> 
  custom:audio-encoder-webm-vorbis: bf7c407c2cedff20999df2af8eb42d56 -> 
========================================================================
Received Prepare
Registering precompiled user dll's ...
Registered in 0.012694 seconds.
Begin MonoManager ReloadAssembly
Native extension for WindowsStandalone target not found
Refreshing native plugins compatible for Editor in 0.85 ms, found 2 plugins.
Preloading 0 native plugins for Editor in 0.00 ms.
Mono: successfully reloaded assembly
- Completed reload, in  3.411 seconds
Domain Reload Profiling:
	ReloadAssembly (3412ms)
		BeginReloadAssembly (354ms)
			ExecutionOrderSort (0ms)
			DisableScriptedObjects (17ms)
			BackupInstance (0ms)
			ReleaseScriptingObjects (0ms)
			CreateAndSetChildDomain (90ms)
		EndReloadAssembly (2836ms)
			LoadAssemblies (307ms)
			RebuildTransferFunctionScriptingTraits (0ms)
			SetupTypeCache (807ms)
			ReleaseScriptCaches (2ms)
			RebuildScriptCaches (112ms)
			SetupLoadedEditorAssemblies (1330ms)
				LogAssemblyErrors (0ms)
				InitializePlatformSupportModulesInManaged (19ms)
				SetLoadedEditorAssemblies (2ms)
				RefreshPlugins (1ms)
				BeforeProcessingInitializeOnLoad (287ms)
				ProcessInitializeOnLoadAttributes (970ms)
				ProcessInitializeOnLoadMethodAttributes (15ms)
				AfterProcessingInitializeOnLoad (36ms)
				EditorAssembliesLoaded (0ms)
			ExecutionOrderSort2 (0ms)
			AwakeInstancesAfterBackupRestoration (12ms)
Platform modules already initialized, skipping
Refreshing native plugins compatible for Editor in 1.09 ms, found 2 plugins.
Preloading 0 native plugins for Editor in 0.00 ms.
Unloading 1648 Unused Serialized files (Serialized files now loaded: 0)
System memory in use before: 88.0 MB.
System memory in use after: 88.1 MB.

Unloading 15 unused Assets to reduce memory usage. Loaded Objects now: 2202.
Total: 7.064000 ms (FindLiveObjects: 0.815200 ms CreateObjectMapping: 0.231100 ms MarkObjects: 5.802100 ms  DeleteObjects: 0.210500 ms)

AssetImportParameters requested are different than current active one (requested -> active):
  custom:framework-win-MediaFoundation: 216162199b28c13a410421893ffa2e32 -> 
  custom:video-decoder-ogg-theora: a1e56fd34408186e4bbccfd4996cb3dc -> 
  custom:container-muxer-webm: aa71ff27fc2769a1b78a27578f13a17b -> 
  custom:container-demuxer-webm: 4f35f7cbe854078d1ac9338744f61a02 -> 
  custom:container-demuxer-ogg: 62fdf1f143b41e24485cea50d1cbac27 -> 
  custom:video-encoder-webm-vp8: eb34c28f22e8b96e1ab97ce403110664 -> 
  custom:video-decoder-webm-vp8: 9c59270c3fd7afecdb556c50c9e8de78 -> 
  custom:audio-decoder-ogg-vorbis: bf7c407c2cedff20999df2af8eb42d56 -> 
  custom:audio-encoder-webm-vorbis: bf7c407c2cedff20999df2af8eb42d56 -> 
========================================================================
Received Prepare
Registering precompiled user dll's ...
Registered in 0.018209 seconds.
Begin MonoManager ReloadAssembly
Native extension for WindowsStandalone target not found
Refreshing native plugins compatible for Editor in 0.89 ms, found 2 plugins.
Preloading 0 native plugins for Editor in 0.00 ms.
Mono: successfully reloaded assembly
- Completed reload, in  3.687 seconds
Domain Reload Profiling:
	ReloadAssembly (3688ms)
		BeginReloadAssembly (345ms)
			ExecutionOrderSort (0ms)
			DisableScriptedObjects (17ms)
			BackupInstance (0ms)
			ReleaseScriptingObjects (0ms)
			CreateAndSetChildDomain (101ms)
		EndReloadAssembly (3123ms)
			LoadAssemblies (296ms)
			RebuildTransferFunctionScriptingTraits (0ms)
			SetupTypeCache (993ms)
			ReleaseScriptCaches (2ms)
			RebuildScriptCaches (131ms)
			SetupLoadedEditorAssemblies (1379ms)
				LogAssemblyErrors (0ms)
				InitializePlatformSupportModulesInManaged (17ms)
				SetLoadedEditorAssemblies (1ms)
				RefreshPlugins (1ms)
				BeforeProcessingInitializeOnLoad (302ms)
				ProcessInitializeOnLoadAttributes (1022ms)
				ProcessInitializeOnLoadMethodAttributes (15ms)
				AfterProcessingInitializeOnLoad (21ms)
				EditorAssembliesLoaded (1ms)
			ExecutionOrderSort2 (0ms)
			AwakeInstancesAfterBackupRestoration (35ms)
Platform modules already initialized, skipping
Refreshing native plugins compatible for Editor in 0.79 ms, found 2 plugins.
Preloading 0 native plugins for Editor in 0.00 ms.
Unloading 1648 Unused Serialized files (Serialized files now loaded: 0)
System memory in use before: 88.0 MB.
System memory in use after: 88.1 MB.

Unloading 15 unused Assets to reduce memory usage. Loaded Objects now: 2205.
Total: 5.172900 ms (FindLiveObjects: 0.361600 ms CreateObjectMapping: 0.092000 ms MarkObjects: 4.534400 ms  DeleteObjects: 0.182300 ms)

AssetImportParameters requested are different than current active one (requested -> active):
  custom:framework-win-MediaFoundation: 216162199b28c13a410421893ffa2e32 -> 
  custom:video-decoder-ogg-theora: a1e56fd34408186e4bbccfd4996cb3dc -> 
  custom:container-muxer-webm: aa71ff27fc2769a1b78a27578f13a17b -> 
  custom:container-demuxer-webm: 4f35f7cbe854078d1ac9338744f61a02 -> 
  custom:container-demuxer-ogg: 62fdf1f143b41e24485cea50d1cbac27 -> 
  custom:video-encoder-webm-vp8: eb34c28f22e8b96e1ab97ce403110664 -> 
  custom:video-decoder-webm-vp8: 9c59270c3fd7afecdb556c50c9e8de78 -> 
  custom:audio-decoder-ogg-vorbis: bf7c407c2cedff20999df2af8eb42d56 -> 
  custom:audio-encoder-webm-vorbis: bf7c407c2cedff20999df2af8eb42d56 -> 
========================================================================
Received Prepare
Registering precompiled user dll's ...
Registered in 0.010195 seconds.
Begin MonoManager ReloadAssembly
Native extension for WindowsStandalone target not found
Refreshing native plugins compatible for Editor in 0.62 ms, found 2 plugins.
Preloading 0 native plugins for Editor in 0.00 ms.
Mono: successfully reloaded assembly
- Completed reload, in  1.853 seconds
Domain Reload Profiling:
	ReloadAssembly (1854ms)
		BeginReloadAssembly (242ms)
			ExecutionOrderSort (0ms)
			DisableScriptedObjects (12ms)
			BackupInstance (0ms)
			ReleaseScriptingObjects (0ms)
			CreateAndSetChildDomain (73ms)
		EndReloadAssembly (1501ms)
			LoadAssemblies (143ms)
			RebuildTransferFunctionScriptingTraits (0ms)
			SetupTypeCache (441ms)
			ReleaseScriptCaches (1ms)
			RebuildScriptCaches (62ms)
			SetupLoadedEditorAssemblies (704ms)
				LogAssemblyErrors (0ms)
				InitializePlatformSupportModulesInManaged (9ms)
				SetLoadedEditorAssemblies (1ms)
				RefreshPlugins (1ms)
				BeforeProcessingInitializeOnLoad (132ms)
				ProcessInitializeOnLoadAttributes (541ms)
				ProcessInitializeOnLoadMethodAttributes (7ms)
				AfterProcessingInitializeOnLoad (13ms)
				EditorAssembliesLoaded (0ms)
			ExecutionOrderSort2 (0ms)
			AwakeInstancesAfterBackupRestoration (10ms)
Platform modules already initialized, skipping
Refreshing native plugins compatible for Editor in 0.50 ms, found 2 plugins.
Preloading 0 native plugins for Editor in 0.00 ms.
Unloading 1648 Unused Serialized files (Serialized files now loaded: 0)
System memory in use before: 88.0 MB.
System memory in use after: 88.1 MB.

Unloading 15 unused Assets to reduce memory usage. Loaded Objects now: 2208.
Total: 3.764600 ms (FindLiveObjects: 0.278000 ms CreateObjectMapping: 0.059900 ms MarkObjects: 3.283600 ms  DeleteObjects: 0.141100 ms)

AssetImportParameters requested are different than current active one (requested -> active):
  custom:framework-win-MediaFoundation: 216162199b28c13a410421893ffa2e32 -> 
  custom:video-decoder-ogg-theora: a1e56fd34408186e4bbccfd4996cb3dc -> 
  custom:container-muxer-webm: aa71ff27fc2769a1b78a27578f13a17b -> 
  custom:container-demuxer-webm: 4f35f7cbe854078d1ac9338744f61a02 -> 
  custom:container-demuxer-ogg: 62fdf1f143b41e24485cea50d1cbac27 -> 
  custom:video-encoder-webm-vp8: eb34c28f22e8b96e1ab97ce403110664 -> 
  custom:video-decoder-webm-vp8: 9c59270c3fd7afecdb556c50c9e8de78 -> 
  custom:audio-decoder-ogg-vorbis: bf7c407c2cedff20999df2af8eb42d56 -> 
  custom:audio-encoder-webm-vorbis: bf7c407c2cedff20999df2af8eb42d56 -> 
========================================================================
Received Prepare
Registering precompiled user dll's ...
Registered in 0.006639 seconds.
Begin MonoManager ReloadAssembly
Native extension for WindowsStandalone target not found
Refreshing native plugins compatible for Editor in 0.60 ms, found 2 plugins.
Preloading 0 native plugins for Editor in 0.00 ms.
Mono: successfully reloaded assembly
- Completed reload, in  1.679 seconds
Domain Reload Profiling:
	ReloadAssembly (1680ms)
		BeginReloadAssembly (157ms)
			ExecutionOrderSort (0ms)
			DisableScriptedObjects (11ms)
			BackupInstance (0ms)
			ReleaseScriptingObjects (0ms)
			CreateAndSetChildDomain (44ms)
		EndReloadAssembly (1400ms)
			LoadAssemblies (133ms)
			RebuildTransferFunctionScriptingTraits (0ms)
			SetupTypeCache (415ms)
			ReleaseScriptCaches (1ms)
			RebuildScriptCaches (65ms)
			SetupLoadedEditorAssemblies (642ms)
				LogAssemblyErrors (0ms)
				InitializePlatformSupportModulesInManaged (9ms)
				SetLoadedEditorAssemblies (1ms)
				RefreshPlugins (1ms)
				BeforeProcessingInitializeOnLoad (128ms)
				ProcessInitializeOnLoadAttributes (487ms)
				ProcessInitializeOnLoadMethodAttributes (5ms)
				AfterProcessingInitializeOnLoad (11ms)
				EditorAssembliesLoaded (0ms)
			ExecutionOrderSort2 (0ms)
			AwakeInstancesAfterBackupRestoration (9ms)
Platform modules already initialized, skipping
Refreshing native plugins compatible for Editor in 0.53 ms, found 2 plugins.
Preloading 0 native plugins for Editor in 0.00 ms.
Unloading 1648 Unused Serialized files (Serialized files now loaded: 0)
System memory in use before: 88.0 MB.
System memory in use after: 88.1 MB.

Unloading 15 unused Assets to reduce memory usage. Loaded Objects now: 2211.
Total: 3.153200 ms (FindLiveObjects: 0.250900 ms CreateObjectMapping: 0.062500 ms MarkObjects: 2.726100 ms  DeleteObjects: 0.111900 ms)

AssetImportParameters requested are different than current active one (requested -> active):
  custom:framework-win-MediaFoundation: 216162199b28c13a410421893ffa2e32 -> 
  custom:video-decoder-ogg-theora: a1e56fd34408186e4bbccfd4996cb3dc -> 
  custom:container-muxer-webm: aa71ff27fc2769a1b78a27578f13a17b -> 
  custom:container-demuxer-webm: 4f35f7cbe854078d1ac9338744f61a02 -> 
  custom:container-demuxer-ogg: 62fdf1f143b41e24485cea50d1cbac27 -> 
  custom:video-encoder-webm-vp8: eb34c28f22e8b96e1ab97ce403110664 -> 
  custom:video-decoder-webm-vp8: 9c59270c3fd7afecdb556c50c9e8de78 -> 
  custom:audio-decoder-ogg-vorbis: bf7c407c2cedff20999df2af8eb42d56 -> 
  custom:audio-encoder-webm-vorbis: bf7c407c2cedff20999df2af8eb42d56 -> 
AssetImportWorkerClient::OnTransportError - code=2 error=End of file
